# JRE version: OpenJDK Runtime Environment (7.0_111-b01) (build 1.7.0_111-b01)
# Java VM: OpenJDK 64-Bit Server VM (24.111-b01 mixed mode linux-amd64 compressed oops)
Heap
 PSYoungGen      total 139776K, used 14816K [0x00000007d7100000, 0x00000007e0a00000, 0x0000000800000000)
  eden space 124928K, 0% used [0x00000007d7100000,0x00000007d7100000,0x00000007deb00000)
  from space 14848K, 99% used [0x00000007deb00000,0x00000007df978078,0x00000007df980000)
  to   space 12800K, 0% used [0x00000007df980000,0x00000007df980000,0x00000007e0600000)
 ParOldGen       total 83456K, used 24908K [0x0000000785400000, 0x000000078a580000, 0x00000007d7100000)
  object space 83456K, 29% used [0x0000000785400000,0x0000000786c53150,0x000000078a580000)
 PSPermGen       total 35328K, used 35190K [0x000000077ae00000, 0x000000077d080000, 0x0000000785400000)
  object space 35328K, 99% used [0x000000077ae00000,0x000000077d05d850,0x000000077d080000)
GC Heap History (10 events):
Event: 1,408 GC heap after
Heap after GC invocations=2 (full 0):
 PSYoungGen      total 36864K, used 5092K [0x00000007d7100000, 0x00000007db900000, 0x0000000800000000)
  eden space 31744K, 0% used [0x00000007d7100000,0x00000007d7100000,0x00000007d9000000)
  from space 5120K, 99% used [0x00000007d9500000,0x00000007d99f9020,0x00000007d9a00000)
  to   space 5120K, 0% used [0x00000007d9000000,0x00000007d9000000,0x00000007d9500000)
 ParOldGen       total 83456K, used 1095K [0x0000000785400000, 0x000000078a580000, 0x00000007d7100000)
  object space 83456K, 1% used [0x0000000785400000,0x0000000785511e70,0x000000078a580000)
 PSPermGen       total 21504K, used 13757K [0x000000077ae00000, 0x000000077c300000, 0x0000000785400000)
  object space 21504K, 63% used [0x000000077ae00000,0x000000077bb6f788,0x000000077c300000)
}
Event: 1,827 GC heap before
{Heap before GC invocations=3 (full 0):
 PSYoungGen      total 36864K, used 36836K [0x00000007d7100000, 0x00000007db900000, 0x0000000800000000)
  eden space 31744K, 100% used [0x00000007d7100000,0x00000007d9000000,0x00000007d9000000)
  from space 5120K, 99% used [0x00000007d9500000,0x00000007d99f9020,0x00000007d9a00000)
  to   space 5120K, 0% used [0x00000007d9000000,0x00000007d9000000,0x00000007d9500000)
 ParOldGen       total 83456K, used 1095K [0x0000000785400000, 0x000000078a580000, 0x00000007d7100000)
  object space 83456K, 1% used [0x0000000785400000,0x0000000785511e70,0x000000078a580000)
 PSPermGen       total 21504K, used 17466K [0x000000077ae00000, 0x000000077c300000, 0x0000000785400000)
  object space 21504K, 81% used [0x000000077ae00000,0x000000077bf0e900,0x000000077c300000)
Event: 1,839 GC heap after
Heap after GC invocations=3 (full 0):
 PSYoungGen      total 36864K, used 5116K [0x00000007d7100000, 0x00000007db900000, 0x0000000800000000)
  eden space 31744K, 0% used [0x00000007d7100000,0x00000007d7100000,0x00000007d9000000)
  from space 5120K, 99% used [0x00000007d9000000,0x00000007d94ff398,0x00000007d9500000)
  to   space 5120K, 0% used [0x00000007db400000,0x00000007db400000,0x00000007db900000)
 ParOldGen       total 83456K, used 3527K [0x0000000785400000, 0x000000078a580000, 0x00000007d7100000)
  object space 83456K, 4% used [0x0000000785400000,0x0000000785771c38,0x000000078a580000)
 PSPermGen       total 21504K, used 17466K [0x000000077ae00000, 0x000000077c300000, 0x0000000785400000)
  object space 21504K, 81% used [0x000000077ae00000,0x000000077bf0e900,0x000000077c300000)
}
Event: 2,318 GC heap before
{Heap before GC invocations=4 (full 0):
 PSYoungGen      total 36864K, used 36860K [0x00000007d7100000, 0x00000007db900000, 0x0000000800000000)
  eden space 31744K, 100% used [0x00000007d7100000,0x00000007d9000000,0x00000007d9000000)
  from space 5120K, 99% used [0x00000007d9000000,0x00000007d94ff398,0x00000007d9500000)
  to   space 5120K, 0% used [0x00000007db400000,0x00000007db400000,0x00000007db900000)
 ParOldGen       total 83456K, used 3527K [0x0000000785400000, 0x000000078a580000, 0x00000007d7100000)
  object space 83456K, 4% used [0x0000000785400000,0x0000000785771c38,0x000000078a580000)
 PSPermGen       total 21504K, used 20808K [0x000000077ae00000, 0x000000077c300000, 0x0000000785400000)
  object space 21504K, 96% used [0x000000077ae00000,0x000000077c2521c8,0x000000077c300000)
Event: 2,327 GC heap after
Heap after GC invocations=4 (full 0):
 PSYoungGen      total 68608K, used 5088K [0x00000007d7100000, 0x00000007db900000, 0x0000000800000000)
  eden space 63488K, 0% used [0x00000007d7100000,0x00000007d7100000,0x00000007daf00000)
  from space 5120K, 99% used [0x00000007db400000,0x00000007db8f8040,0x00000007db900000)
  to   space 5120K, 0% used [0x00000007daf00000,0x00000007daf00000,0x00000007db400000)
 ParOldGen       total 83456K, used 6649K [0x0000000785400000, 0x000000078a580000, 0x00000007d7100000)
  object space 83456K, 7% used [0x0000000785400000,0x0000000785a7e5a0,0x000000078a580000)
 PSPermGen       total 21504K, used 20808K [0x000000077ae00000, 0x000000077c300000, 0x0000000785400000)
  object space 21504K, 96% used [0x000000077ae00000,0x000000077c2521c8,0x000000077c300000)
}
Event: 3,334 GC heap before
{Heap before GC invocations=5 (full 0):
 PSYoungGen      total 68608K, used 68576K [0x00000007d7100000, 0x00000007db900000, 0x0000000800000000)
  eden space 63488K, 100% used [0x00000007d7100000,0x00000007daf00000,0x00000007daf00000)
  from space 5120K, 99% used [0x00000007db400000,0x00000007db8f8040,0x00000007db900000)
  to   space 5120K, 0% used [0x00000007daf00000,0x00000007daf00000,0x00000007db400000)
 ParOldGen       total 83456K, used 6649K [0x0000000785400000, 0x000000078a580000, 0x00000007d7100000)
  object space 83456K, 7% used [0x0000000785400000,0x0000000785a7e5a0,0x000000078a580000)
 PSPermGen       total 26112K, used 25883K [0x000000077ae00000, 0x000000077c780000, 0x0000000785400000)
  object space 26112K, 99% used [0x000000077ae00000,0x000000077c746e78,0x000000077c780000)
Event: 3,360 GC heap after
Heap after GC invocations=5 (full 0):
 PSYoungGen      total 68608K, used 5104K [0x00000007d7100000, 0x00000007e0600000, 0x0000000800000000)
  eden space 63488K, 0% used [0x00000007d7100000,0x00000007d7100000,0x00000007daf00000)
  from space 5120K, 99% used [0x00000007daf00000,0x00000007db3fc070,0x00000007db400000)
  to   space 12800K, 0% used [0x00000007df980000,0x00000007df980000,0x00000007e0600000)
 ParOldGen       total 83456K, used 13724K [0x0000000785400000, 0x000000078a580000, 0x00000007d7100000)
  object space 83456K, 16% used [0x0000000785400000,0x00000007861670c0,0x000000078a580000)
 PSPermGen       total 26112K, used 25883K [0x000000077ae00000, 0x000000077c780000, 0x0000000785400000)
  object space 26112K, 99% used [0x000000077ae00000,0x000000077c746e78,0x000000077c780000)
}
Event: 4,078 GC heap before
{Heap before GC invocations=6 (full 0):
 PSYoungGen      total 68608K, used 68592K [0x00000007d7100000, 0x00000007e0600000, 0x0000000800000000)
  eden space 63488K, 100% used [0x00000007d7100000,0x00000007daf00000,0x00000007daf00000)
  from space 5120K, 99% used [0x00000007daf00000,0x00000007db3fc070,0x00000007db400000)
  to   space 12800K, 0% used [0x00000007df980000,0x00000007df980000,0x00000007e0600000)
 ParOldGen       total 83456K, used 13724K [0x0000000785400000, 0x000000078a580000, 0x00000007d7100000)
  object space 83456K, 16% used [0x0000000785400000,0x00000007861670c0,0x000000078a580000)
 PSPermGen       total 30208K, used 29996K [0x000000077ae00000, 0x000000077cb80000, 0x0000000785400000)
  object space 30208K, 99% used [0x000000077ae00000,0x000000077cb4b050,0x000000077cb80000)
Event: 4,093 GC heap after
Heap after GC invocations=6 (full 0):
 PSYoungGen      total 137728K, used 12793K [0x00000007d7100000, 0x00000007e0a00000, 0x0000000800000000)
  eden space 124928K, 0% used [0x00000007d7100000,0x00000007d7100000,0x00000007deb00000)
  from space 12800K, 99% used [0x00000007df980000,0x00000007e05fe548,0x00000007e0600000)
  to   space 14848K, 0% used [0x00000007deb00000,0x00000007deb00000,0x00000007df980000)
 ParOldGen       total 83456K, used 13966K [0x0000000785400000, 0x000000078a580000, 0x00000007d7100000)
  object space 83456K, 16% used [0x0000000785400000,0x00000007861a3900,0x000000078a580000)
 PSPermGen       total 30208K, used 29996K [0x000000077ae00000, 0x000000077cb80000, 0x0000000785400000)
  object space 30208K, 99% used [0x000000077ae00000,0x000000077cb4b050,0x000000077cb80000)
}
Event: 6,107 GC heap before
{Heap before GC invocations=7 (full 0):
 PSYoungGen      total 137728K, used 137721K [0x00000007d7100000, 0x00000007e0a00000, 0x0000000800000000)
  eden space 124928K, 100% used [0x00000007d7100000,0x00000007deb00000,0x00000007deb00000)
  from space 12800K, 99% used [0x00000007df980000,0x00000007e05fe548,0x00000007e0600000)
  to   space 14848K, 0% used [0x00000007deb00000,0x00000007deb00000,0x00000007df980000)
 ParOldGen       total 83456K, used 13966K [0x0000000785400000, 0x000000078a580000, 0x00000007d7100000)
  object space 83456K, 16% used [0x0000000785400000,0x00000007861a3900,0x000000078a580000)
 PSPermGen       total 35328K, used 35190K [0x000000077ae00000, 0x000000077d080000, 0x0000000785400000)
  object space 35328K, 99% used [0x000000077ae00000,0x000000077d05d850,0x000000077d080000)

