# JRE version: OpenJDK Runtime Environment (7.0_111-b01) (build 1.7.0_111-b01)
# Java VM: OpenJDK 64-Bit Server VM (24.111-b01 mixed mode linux-amd64 compressed oops)
Heap
 PSYoungGen      total 276992K, used 24560K [0x00000007d7100000, 0x00000007e9900000, 0x0000000800000000)
  eden space 252416K, 0% used [0x00000007d7100000,0x00000007d7100000,0x00000007e6780000)
  from space 24576K, 99% used [0x00000007e6780000,0x00000007e7f7c010,0x00000007e7f80000)
  to   space 23040K, 0% used [0x00000007e7f80000,0x00000007e7f80000,0x00000007e9600000)
 ParOldGen       total 83456K, used 45864K [0x0000000785400000, 0x000000078a580000, 0x00000007d7100000)
  object space 83456K, 54% used [0x0000000785400000,0x00000007880ca090,0x000000078a580000)
 PSPermGen       total 41984K, used 41874K [0x000000077ae00000, 0x000000077d700000, 0x0000000785400000)
  object space 41984K, 99% used [0x000000077ae00000,0x000000077d6e4ab0,0x000000077d700000)
GC Heap History (10 events):
Event: 1,261 GC heap after
Heap after GC invocations=2 (full 0):
 PSYoungGen      total 68608K, used 5117K [0x00000007d7100000, 0x00000007db900000, 0x0000000800000000)
  eden space 63488K, 0% used [0x00000007d7100000,0x00000007d7100000,0x00000007daf00000)
  from space 5120K, 99% used [0x00000007db400000,0x00000007db8ff700,0x00000007db900000)
  to   space 5120K, 0% used [0x00000007daf00000,0x00000007daf00000,0x00000007db400000)
 ParOldGen       total 83456K, used 1051K [0x0000000785400000, 0x000000078a580000, 0x00000007d7100000)
  object space 83456K, 1% used [0x0000000785400000,0x0000000785506ea0,0x000000078a580000)
 PSPermGen       total 21504K, used 13758K [0x000000077ae00000, 0x000000077c300000, 0x0000000785400000)
  object space 21504K, 63% used [0x000000077ae00000,0x000000077bb6fac0,0x000000077c300000)
}
Event: 3,163 GC heap before
{Heap before GC invocations=3 (full 0):
 PSYoungGen      total 68608K, used 68605K [0x00000007d7100000, 0x00000007db900000, 0x0000000800000000)
  eden space 63488K, 100% used [0x00000007d7100000,0x00000007daf00000,0x00000007daf00000)
  from space 5120K, 99% used [0x00000007db400000,0x00000007db8ff700,0x00000007db900000)
  to   space 5120K, 0% used [0x00000007daf00000,0x00000007daf00000,0x00000007db400000)
 ParOldGen       total 83456K, used 1051K [0x0000000785400000, 0x000000078a580000, 0x00000007d7100000)
  object space 83456K, 1% used [0x0000000785400000,0x0000000785506ea0,0x000000078a580000)
 PSPermGen       total 21504K, used 20746K [0x000000077ae00000, 0x000000077c300000, 0x0000000785400000)
  object space 21504K, 96% used [0x000000077ae00000,0x000000077c242b48,0x000000077c300000)
Event: 3,176 GC heap after
Heap after GC invocations=3 (full 0):
 PSYoungGen      total 68608K, used 5104K [0x00000007d7100000, 0x00000007df700000, 0x0000000800000000)
  eden space 63488K, 0% used [0x00000007d7100000,0x00000007d7100000,0x00000007daf00000)
  from space 5120K, 99% used [0x00000007daf00000,0x00000007db3fc050,0x00000007db400000)
  to   space 5120K, 0% used [0x00000007df200000,0x00000007df200000,0x00000007df700000)
 ParOldGen       total 83456K, used 7172K [0x0000000785400000, 0x000000078a580000, 0x00000007d7100000)
  object space 83456K, 8% used [0x0000000785400000,0x0000000785b010e8,0x000000078a580000)
 PSPermGen       total 21504K, used 20746K [0x000000077ae00000, 0x000000077c300000, 0x0000000785400000)
  object space 21504K, 96% used [0x000000077ae00000,0x000000077c242b48,0x000000077c300000)
}
Event: 4,173 GC heap before
{Heap before GC invocations=4 (full 0):
 PSYoungGen      total 68608K, used 68592K [0x00000007d7100000, 0x00000007df700000, 0x0000000800000000)
  eden space 63488K, 100% used [0x00000007d7100000,0x00000007daf00000,0x00000007daf00000)
  from space 5120K, 99% used [0x00000007daf00000,0x00000007db3fc050,0x00000007db400000)
  to   space 5120K, 0% used [0x00000007df200000,0x00000007df200000,0x00000007df700000)
 ParOldGen       total 83456K, used 7172K [0x0000000785400000, 0x000000078a580000, 0x00000007d7100000)
  object space 83456K, 8% used [0x0000000785400000,0x0000000785b010e8,0x000000078a580000)
 PSPermGen       total 26112K, used 25878K [0x000000077ae00000, 0x000000077c780000, 0x0000000785400000)
  object space 26112K, 99% used [0x000000077ae00000,0x000000077c745928,0x000000077c780000)
Event: 4,199 GC heap after
Heap after GC invocations=4 (full 0):
 PSYoungGen      total 132096K, used 5088K [0x00000007d7100000, 0x00000007df700000, 0x0000000800000000)
  eden space 126976K, 0% used [0x00000007d7100000,0x00000007d7100000,0x00000007ded00000)
  from space 5120K, 99% used [0x00000007df200000,0x00000007df6f8040,0x00000007df700000)
  to   space 5120K, 0% used [0x00000007ded00000,0x00000007ded00000,0x00000007df200000)
 ParOldGen       total 83456K, used 14314K [0x0000000785400000, 0x000000078a580000, 0x00000007d7100000)
  object space 83456K, 17% used [0x0000000785400000,0x00000007861fab68,0x000000078a580000)
 PSPermGen       total 26112K, used 25878K [0x000000077ae00000, 0x000000077c780000, 0x0000000785400000)
  object space 26112K, 99% used [0x000000077ae00000,0x000000077c745928,0x000000077c780000)
}
Event: 6,363 GC heap before
{Heap before GC invocations=5 (full 0):
 PSYoungGen      total 132096K, used 132064K [0x00000007d7100000, 0x00000007df700000, 0x0000000800000000)
  eden space 126976K, 100% used [0x00000007d7100000,0x00000007ded00000,0x00000007ded00000)
  from space 5120K, 99% used [0x00000007df200000,0x00000007df6f8040,0x00000007df700000)
  to   space 5120K, 0% used [0x00000007ded00000,0x00000007ded00000,0x00000007df200000)
 ParOldGen       total 83456K, used 14314K [0x0000000785400000, 0x000000078a580000, 0x00000007d7100000)
  object space 83456K, 17% used [0x0000000785400000,0x00000007861fab68,0x000000078a580000)
 PSPermGen       total 33280K, used 32879K [0x000000077ae00000, 0x000000077ce80000, 0x0000000785400000)
  object space 33280K, 98% used [0x000000077ae00000,0x000000077ce1be40,0x000000077ce80000)
Event: 6,396 GC heap after
Heap after GC invocations=5 (full 0):
 PSYoungGen      total 132096K, used 5092K [0x00000007d7100000, 0x00000007e9600000, 0x0000000800000000)
  eden space 126976K, 0% used [0x00000007d7100000,0x00000007d7100000,0x00000007ded00000)
  from space 5120K, 99% used [0x00000007ded00000,0x00000007df1f9020,0x00000007df200000)
  to   space 23040K, 0% used [0x00000007e7f80000,0x00000007e7f80000,0x00000007e9600000)
 ParOldGen       total 83456K, used 31319K [0x0000000785400000, 0x000000078a580000, 0x00000007d7100000)
  object space 83456K, 37% used [0x0000000785400000,0x0000000787295c58,0x000000078a580000)
 PSPermGen       total 33280K, used 32879K [0x000000077ae00000, 0x000000077ce80000, 0x0000000785400000)
  object space 33280K, 98% used [0x000000077ae00000,0x000000077ce1be40,0x000000077ce80000)
}
Event: 8,843 GC heap before
{Heap before GC invocations=6 (full 0):
 PSYoungGen      total 132096K, used 132068K [0x00000007d7100000, 0x00000007e9600000, 0x0000000800000000)
  eden space 126976K, 100% used [0x00000007d7100000,0x00000007ded00000,0x00000007ded00000)
  from space 5120K, 99% used [0x00000007ded00000,0x00000007df1f9020,0x00000007df200000)
  to   space 23040K, 0% used [0x00000007e7f80000,0x00000007e7f80000,0x00000007e9600000)
 ParOldGen       total 83456K, used 31319K [0x0000000785400000, 0x000000078a580000, 0x00000007d7100000)
  object space 83456K, 37% used [0x0000000785400000,0x0000000787295c58,0x000000078a580000)
 PSPermGen       total 38400K, used 38023K [0x000000077ae00000, 0x000000077d380000, 0x0000000785400000)
  object space 38400K, 99% used [0x000000077ae00000,0x000000077d321e30,0x000000077d380000)
Event: 8,892 GC heap after
Heap after GC invocations=6 (full 0):
 PSYoungGen      total 275456K, used 17857K [0x00000007d7100000, 0x00000007e9900000, 0x0000000800000000)
  eden space 252416K, 0% used [0x00000007d7100000,0x00000007d7100000,0x00000007e6780000)
  from space 23040K, 77% used [0x00000007e7f80000,0x00000007e90f0548,0x00000007e9600000)
  to   space 24576K, 0% used [0x00000007e6780000,0x00000007e6780000,0x00000007e7f80000)
 ParOldGen       total 83456K, used 31319K [0x0000000785400000, 0x000000078a580000, 0x00000007d7100000)
  object space 83456K, 37% used [0x0000000785400000,0x0000000787295c58,0x000000078a580000)
 PSPermGen       total 38400K, used 38023K [0x000000077ae00000, 0x000000077d380000, 0x0000000785400000)
  object space 38400K, 99% used [0x000000077ae00000,0x000000077d321e30,0x000000077d380000)
}
Event: 13,151 GC heap before
{Heap before GC invocations=7 (full 0):
 PSYoungGen      total 275456K, used 270273K [0x00000007d7100000, 0x00000007e9900000, 0x0000000800000000)
  eden space 252416K, 100% used [0x00000007d7100000,0x00000007e6780000,0x00000007e6780000)
  from space 23040K, 77% used [0x00000007e7f80000,0x00000007e90f0548,0x00000007e9600000)
  to   space 24576K, 0% used [0x00000007e6780000,0x00000007e6780000,0x00000007e7f80000)
 ParOldGen       total 83456K, used 31319K [0x0000000785400000, 0x000000078a580000, 0x00000007d7100000)
  object space 83456K, 37% used [0x0000000785400000,0x0000000787295c58,0x000000078a580000)
 PSPermGen       total 41984K, used 41874K [0x000000077ae00000, 0x000000077d700000, 0x0000000785400000)
  object space 41984K, 99% used [0x000000077ae00000,0x000000077d6e4ab0,0x000000077d700000)

